<?xml version="1.0" encoding="UTF-8"?>
<testsuite name="com.mindex.challenge.DataBootstrapTest" tests="1" skipped="0" failures="0" errors="0" timestamp="2024-02-21T18:10:16" hostname="DESKTOP-OIO5860" time="0.006">
  <properties/>
  <testcase name="test" classname="com.mindex.challenge.DataBootstrapTest" time="0.006"/>
  <system-out><![CDATA[2024-02-21 13:10:16.917  INFO 8248 --- [    Test worker] .b.t.c.SpringBootTestContextBootstrapper : Neither @ContextConfiguration nor @ContextHierarchy found for test class [com.mindex.challenge.DataBootstrapTest], using SpringBootContextLoader
2024-02-21 13:10:16.917  INFO 8248 --- [    Test worker] o.s.t.c.support.AbstractContextLoader    : Could not detect default resource locations for test class [com.mindex.challenge.DataBootstrapTest]: no resource found for suffixes {-context.xml, Context.groovy}.
2024-02-21 13:10:16.917  INFO 8248 --- [    Test worker] t.c.s.AnnotationConfigContextLoaderUtils : Could not detect default configuration classes for test class [com.mindex.challenge.DataBootstrapTest]: DataBootstrapTest does not declare any static, non-private, non-final, nested classes annotated with @Configuration.
2024-02-21 13:10:16.917  INFO 8248 --- [    Test worker] .b.t.c.SpringBootTestContextBootstrapper : Found @SpringBootConfiguration com.mindex.challenge.ChallengeApplication for test class com.mindex.challenge.DataBootstrapTest
2024-02-21 13:10:16.917  INFO 8248 --- [    Test worker] .b.t.c.SpringBootTestContextBootstrapper : Loaded default TestExecutionListener class names from location [META-INF/spring.factories]: [org.springframework.boot.test.autoconfigure.restdocs.RestDocsTestExecutionListener, org.springframework.boot.test.autoconfigure.web.client.MockRestServiceServerResetTestExecutionListener, org.springframework.boot.test.autoconfigure.web.servlet.MockMvcPrintOnlyOnFailureTestExecutionListener, org.springframework.boot.test.autoconfigure.web.servlet.WebDriverTestExecutionListener, org.springframework.boot.test.mock.mockito.MockitoTestExecutionListener, org.springframework.boot.test.mock.mockito.ResetMocksTestExecutionListener, org.springframework.test.context.web.ServletTestExecutionListener, org.springframework.test.context.support.DirtiesContextBeforeModesTestExecutionListener, org.springframework.test.context.support.DependencyInjectionTestExecutionListener, org.springframework.test.context.support.DirtiesContextTestExecutionListener, org.springframework.test.context.transaction.TransactionalTestExecutionListener, org.springframework.test.context.jdbc.SqlScriptsTestExecutionListener, org.springframework.test.context.event.EventPublishingTestExecutionListener]
2024-02-21 13:10:16.917  INFO 8248 --- [    Test worker] .b.t.c.SpringBootTestContextBootstrapper : Using TestExecutionListeners: [org.springframework.test.context.web.ServletTestExecutionListener@3dd591b9, org.springframework.test.context.support.DirtiesContextBeforeModesTestExecutionListener@538905d2, org.springframework.boot.test.mock.mockito.MockitoTestExecutionListener@7e8c58fd, org.springframework.boot.test.autoconfigure.SpringBootDependencyInjectionTestExecutionListener@11ce9319, org.springframework.test.context.support.DirtiesContextTestExecutionListener@780c0, org.springframework.test.context.transaction.TransactionalTestExecutionListener@1b3bb287, org.springframework.test.context.jdbc.SqlScriptsTestExecutionListener@7ec5aad, org.springframework.test.context.event.EventPublishingTestExecutionListener@625f5712, org.springframework.boot.test.autoconfigure.restdocs.RestDocsTestExecutionListener@5e62ca19, org.springframework.boot.test.autoconfigure.web.client.MockRestServiceServerResetTestExecutionListener@188bf4d8, org.springframework.boot.test.autoconfigure.web.servlet.MockMvcPrintOnlyOnFailureTestExecutionListener@7dd7ec56, org.springframework.boot.test.autoconfigure.web.servlet.WebDriverTestExecutionListener@6528d339, org.springframework.boot.test.mock.mockito.ResetMocksTestExecutionListener@2dd2ff87]
]]></system-out>
  <system-err><![CDATA[]]></system-err>
</testsuite>
