<?xml version="1.0" encoding="UTF-8"?>
<testsuite name="com.mindex.challenge.service.impl.ReportingStructureServiceImplTest" tests="2" skipped="0" failures="0" errors="0" timestamp="2024-02-21T18:10:16" hostname="DESKTOP-OIO5860" time="0.068">
  <properties/>
  <testcase name="testRead" classname="com.mindex.challenge.service.impl.ReportingStructureServiceImplTest" time="0.057"/>
  <testcase name="testReadNoReports" classname="com.mindex.challenge.service.impl.ReportingStructureServiceImplTest" time="0.01"/>
  <system-out><![CDATA[2024-02-21 13:10:16.949  INFO 8248 --- [    Test worker] .b.t.c.SpringBootTestContextBootstrapper : Neither @ContextConfiguration nor @ContextHierarchy found for test class [com.mindex.challenge.service.impl.ReportingStructureServiceImplTest], using SpringBootContextLoader
2024-02-21 13:10:16.949  INFO 8248 --- [    Test worker] o.s.t.c.support.AbstractContextLoader    : Could not detect default resource locations for test class [com.mindex.challenge.service.impl.ReportingStructureServiceImplTest]: no resource found for suffixes {-context.xml, Context.groovy}.
2024-02-21 13:10:16.949  INFO 8248 --- [    Test worker] t.c.s.AnnotationConfigContextLoaderUtils : Could not detect default configuration classes for test class [com.mindex.challenge.service.impl.ReportingStructureServiceImplTest]: ReportingStructureServiceImplTest does not declare any static, non-private, non-final, nested classes annotated with @Configuration.
2024-02-21 13:10:16.949  INFO 8248 --- [    Test worker] .b.t.c.SpringBootTestContextBootstrapper : Found @SpringBootConfiguration com.mindex.challenge.ChallengeApplication for test class com.mindex.challenge.service.impl.ReportingStructureServiceImplTest
2024-02-21 13:10:16.949  INFO 8248 --- [    Test worker] .b.t.c.SpringBootTestContextBootstrapper : Loaded default TestExecutionListener class names from location [META-INF/spring.factories]: [org.springframework.boot.test.autoconfigure.restdocs.RestDocsTestExecutionListener, org.springframework.boot.test.autoconfigure.web.client.MockRestServiceServerResetTestExecutionListener, org.springframework.boot.test.autoconfigure.web.servlet.MockMvcPrintOnlyOnFailureTestExecutionListener, org.springframework.boot.test.autoconfigure.web.servlet.WebDriverTestExecutionListener, org.springframework.boot.test.mock.mockito.MockitoTestExecutionListener, org.springframework.boot.test.mock.mockito.ResetMocksTestExecutionListener, org.springframework.test.context.web.ServletTestExecutionListener, org.springframework.test.context.support.DirtiesContextBeforeModesTestExecutionListener, org.springframework.test.context.support.DependencyInjectionTestExecutionListener, org.springframework.test.context.support.DirtiesContextTestExecutionListener, org.springframework.test.context.transaction.TransactionalTestExecutionListener, org.springframework.test.context.jdbc.SqlScriptsTestExecutionListener, org.springframework.test.context.event.EventPublishingTestExecutionListener]
2024-02-21 13:10:16.949  INFO 8248 --- [    Test worker] .b.t.c.SpringBootTestContextBootstrapper : Using TestExecutionListeners: [org.springframework.test.context.web.ServletTestExecutionListener@24010875, org.springframework.test.context.support.DirtiesContextBeforeModesTestExecutionListener@7a021f49, org.springframework.boot.test.mock.mockito.MockitoTestExecutionListener@e60c5a, org.springframework.boot.test.autoconfigure.SpringBootDependencyInjectionTestExecutionListener@626df173, org.springframework.test.context.support.DirtiesContextTestExecutionListener@4e030feb, org.springframework.test.context.transaction.TransactionalTestExecutionListener@2411b935, org.springframework.test.context.jdbc.SqlScriptsTestExecutionListener@1425e531, org.springframework.test.context.event.EventPublishingTestExecutionListener@194e78af, org.springframework.boot.test.autoconfigure.restdocs.RestDocsTestExecutionListener@4fe4503a, org.springframework.boot.test.autoconfigure.web.client.MockRestServiceServerResetTestExecutionListener@669580e2, org.springframework.boot.test.autoconfigure.web.servlet.MockMvcPrintOnlyOnFailureTestExecutionListener@5d22ed6c, org.springframework.boot.test.autoconfigure.web.servlet.WebDriverTestExecutionListener@37c37d67, org.springframework.boot.test.mock.mockito.ResetMocksTestExecutionListener@5a4b8e25]
2024-02-21 13:10:16.980 DEBUG 8248 --- [o-auto-1-exec-6] c.m.c.controller.EmployeeController      : Received employee create request for [com.mindex.challenge.data.Employee@33bbadb5]
2024-02-21 13:10:16.980 DEBUG 8248 --- [o-auto-1-exec-6] c.m.c.service.impl.EmployeeServiceImpl   : Creating employee [com.mindex.challenge.data.Employee@33bbadb5]
2024-02-21 13:10:16.996 DEBUG 8248 --- [o-auto-1-exec-7] c.m.c.controller.EmployeeController      : Received employee create request for [com.mindex.challenge.data.Employee@1ad03e0f]
2024-02-21 13:10:16.996 DEBUG 8248 --- [o-auto-1-exec-7] c.m.c.service.impl.EmployeeServiceImpl   : Creating employee [com.mindex.challenge.data.Employee@1ad03e0f]
2024-02-21 13:10:17.012 DEBUG 8248 --- [o-auto-1-exec-8] c.m.c.controller.EmployeeController      : Received employee create request for [com.mindex.challenge.data.Employee@451ba99e]
2024-02-21 13:10:17.012 DEBUG 8248 --- [o-auto-1-exec-8] c.m.c.service.impl.EmployeeServiceImpl   : Creating employee [com.mindex.challenge.data.Employee@451ba99e]
2024-02-21 13:10:17.012 DEBUG 8248 --- [o-auto-1-exec-9] c.m.c.c.ReportingStructureController     : Received reporting structure read request for id [2ad0cf4b-6b4b-4dcc-b53f-b8a6570ebbe9]
2024-02-21 13:10:17.012 DEBUG 8248 --- [o-auto-1-exec-9] c.m.c.s.i.ReportingStructureServiceImpl  : Creating reporting structure with id [2ad0cf4b-6b4b-4dcc-b53f-b8a6570ebbe9]
2024-02-21 13:10:17.027 DEBUG 8248 --- [-auto-1-exec-10] c.m.c.controller.EmployeeController      : Received employee create request for [com.mindex.challenge.data.Employee@71629907]
2024-02-21 13:10:17.027 DEBUG 8248 --- [-auto-1-exec-10] c.m.c.service.impl.EmployeeServiceImpl   : Creating employee [com.mindex.challenge.data.Employee@71629907]
2024-02-21 13:10:17.027 DEBUG 8248 --- [o-auto-1-exec-1] c.m.c.c.ReportingStructureController     : Received reporting structure read request for id [30f5d343-2809-48cb-89fb-7db8407cf5e3]
2024-02-21 13:10:17.027 DEBUG 8248 --- [o-auto-1-exec-1] c.m.c.s.i.ReportingStructureServiceImpl  : Creating reporting structure with id [30f5d343-2809-48cb-89fb-7db8407cf5e3]
]]></system-out>
  <system-err><![CDATA[]]></system-err>
</testsuite>
