<?xml version="1.0" encoding="UTF-8"?>
<testsuite name="com.mindex.challenge.service.impl.EmployeeServiceImplTest" tests="1" skipped="0" failures="0" errors="0" timestamp="2024-02-21T18:10:16" hostname="DESKTOP-OIO5860" time="0.027">
  <properties/>
  <testcase name="testCreateReadUpdate" classname="com.mindex.challenge.service.impl.EmployeeServiceImplTest" time="0.027"/>
  <system-out><![CDATA[2024-02-21 13:10:16.917  INFO 8248 --- [    Test worker] .b.t.c.SpringBootTestContextBootstrapper : Neither @ContextConfiguration nor @ContextHierarchy found for test class [com.mindex.challenge.service.impl.EmployeeServiceImplTest], using SpringBootContextLoader
2024-02-21 13:10:16.917  INFO 8248 --- [    Test worker] o.s.t.c.support.AbstractContextLoader    : Could not detect default resource locations for test class [com.mindex.challenge.service.impl.EmployeeServiceImplTest]: no resource found for suffixes {-context.xml, Context.groovy}.
2024-02-21 13:10:16.917  INFO 8248 --- [    Test worker] t.c.s.AnnotationConfigContextLoaderUtils : Could not detect default configuration classes for test class [com.mindex.challenge.service.impl.EmployeeServiceImplTest]: EmployeeServiceImplTest does not declare any static, non-private, non-final, nested classes annotated with @Configuration.
2024-02-21 13:10:16.917  INFO 8248 --- [    Test worker] .b.t.c.SpringBootTestContextBootstrapper : Found @SpringBootConfiguration com.mindex.challenge.ChallengeApplication for test class com.mindex.challenge.service.impl.EmployeeServiceImplTest
2024-02-21 13:10:16.917  INFO 8248 --- [    Test worker] .b.t.c.SpringBootTestContextBootstrapper : Loaded default TestExecutionListener class names from location [META-INF/spring.factories]: [org.springframework.boot.test.autoconfigure.restdocs.RestDocsTestExecutionListener, org.springframework.boot.test.autoconfigure.web.client.MockRestServiceServerResetTestExecutionListener, org.springframework.boot.test.autoconfigure.web.servlet.MockMvcPrintOnlyOnFailureTestExecutionListener, org.springframework.boot.test.autoconfigure.web.servlet.WebDriverTestExecutionListener, org.springframework.boot.test.mock.mockito.MockitoTestExecutionListener, org.springframework.boot.test.mock.mockito.ResetMocksTestExecutionListener, org.springframework.test.context.web.ServletTestExecutionListener, org.springframework.test.context.support.DirtiesContextBeforeModesTestExecutionListener, org.springframework.test.context.support.DependencyInjectionTestExecutionListener, org.springframework.test.context.support.DirtiesContextTestExecutionListener, org.springframework.test.context.transaction.TransactionalTestExecutionListener, org.springframework.test.context.jdbc.SqlScriptsTestExecutionListener, org.springframework.test.context.event.EventPublishingTestExecutionListener]
2024-02-21 13:10:16.917  INFO 8248 --- [    Test worker] .b.t.c.SpringBootTestContextBootstrapper : Using TestExecutionListeners: [org.springframework.test.context.web.ServletTestExecutionListener@4e4bfd9c, org.springframework.test.context.support.DirtiesContextBeforeModesTestExecutionListener@43ee1cf7, org.springframework.boot.test.mock.mockito.MockitoTestExecutionListener@24954e82, org.springframework.boot.test.autoconfigure.SpringBootDependencyInjectionTestExecutionListener@5b1f5fcc, org.springframework.test.context.support.DirtiesContextTestExecutionListener@4a29fe2e, org.springframework.test.context.transaction.TransactionalTestExecutionListener@79135a38, org.springframework.test.context.jdbc.SqlScriptsTestExecutionListener@77fceac6, org.springframework.test.context.event.EventPublishingTestExecutionListener@563c3aca, org.springframework.boot.test.autoconfigure.restdocs.RestDocsTestExecutionListener@53e166ad, org.springframework.boot.test.autoconfigure.web.client.MockRestServiceServerResetTestExecutionListener@30c03473, org.springframework.boot.test.autoconfigure.web.servlet.MockMvcPrintOnlyOnFailureTestExecutionListener@20fa5277, org.springframework.boot.test.autoconfigure.web.servlet.WebDriverTestExecutionListener@17a7d6c8, org.springframework.boot.test.mock.mockito.ResetMocksTestExecutionListener@4f2b1e9f]
2024-02-21 13:10:16.949 DEBUG 8248 --- [o-auto-1-exec-3] c.m.c.controller.EmployeeController      : Received employee create request for [com.mindex.challenge.data.Employee@47fa5e4b]
2024-02-21 13:10:16.949 DEBUG 8248 --- [o-auto-1-exec-3] c.m.c.service.impl.EmployeeServiceImpl   : Creating employee [com.mindex.challenge.data.Employee@47fa5e4b]
2024-02-21 13:10:16.949 DEBUG 8248 --- [o-auto-1-exec-4] c.m.c.controller.EmployeeController      : Received employee create request for id [e5c31f9f-467b-44c2-a1a3-6dfbccf7e17e]
2024-02-21 13:10:16.949 DEBUG 8248 --- [o-auto-1-exec-4] c.m.c.service.impl.EmployeeServiceImpl   : Creating employee with id [e5c31f9f-467b-44c2-a1a3-6dfbccf7e17e]
2024-02-21 13:10:16.949 DEBUG 8248 --- [o-auto-1-exec-5] c.m.c.controller.EmployeeController      : Received employee create request for id [e5c31f9f-467b-44c2-a1a3-6dfbccf7e17e] and employee [com.mindex.challenge.data.Employee@47277e68]
2024-02-21 13:10:16.949 DEBUG 8248 --- [o-auto-1-exec-5] c.m.c.service.impl.EmployeeServiceImpl   : Updating employee [com.mindex.challenge.data.Employee@47277e68]
]]></system-out>
  <system-err><![CDATA[]]></system-err>
</testsuite>
